running egg_info
creating ../../build/ros2_sensor_pkg/ros2_sensor_pkg.egg-info
writing ../../build/ros2_sensor_pkg/ros2_sensor_pkg.egg-info/PKG-INFO
writing dependency_links to ../../build/ros2_sensor_pkg/ros2_sensor_pkg.egg-info/dependency_links.txt
writing entry points to ../../build/ros2_sensor_pkg/ros2_sensor_pkg.egg-info/entry_points.txt
writing requirements to ../../build/ros2_sensor_pkg/ros2_sensor_pkg.egg-info/requires.txt
writing top-level names to ../../build/ros2_sensor_pkg/ros2_sensor_pkg.egg-info/top_level.txt
writing manifest file '../../build/ros2_sensor_pkg/ros2_sensor_pkg.egg-info/SOURCES.txt'
reading manifest file '../../build/ros2_sensor_pkg/ros2_sensor_pkg.egg-info/SOURCES.txt'
writing manifest file '../../build/ros2_sensor_pkg/ros2_sensor_pkg.egg-info/SOURCES.txt'
running build
running build_py
creating /home/radwa/Documents/Sensor_Fusion_Kalman_Estimator_ROS2/build/ros2_sensor_pkg/build
creating /home/radwa/Documents/Sensor_Fusion_Kalman_Estimator_ROS2/build/ros2_sensor_pkg/build/lib
creating /home/radwa/Documents/Sensor_Fusion_Kalman_Estimator_ROS2/build/ros2_sensor_pkg/build/lib/ros2_sensor_pkg
copying ros2_sensor_pkg/__init__.py -> /home/radwa/Documents/Sensor_Fusion_Kalman_Estimator_ROS2/build/ros2_sensor_pkg/build/lib/ros2_sensor_pkg
running install
running install_lib
creating /home/radwa/Documents/Sensor_Fusion_Kalman_Estimator_ROS2/install/ros2_sensor_pkg/lib/python3.10/site-packages/ros2_sensor_pkg
copying /home/radwa/Documents/Sensor_Fusion_Kalman_Estimator_ROS2/build/ros2_sensor_pkg/build/lib/ros2_sensor_pkg/__init__.py -> /home/radwa/Documents/Sensor_Fusion_Kalman_Estimator_ROS2/install/ros2_sensor_pkg/lib/python3.10/site-packages/ros2_sensor_pkg
byte-compiling /home/radwa/Documents/Sensor_Fusion_Kalman_Estimator_ROS2/install/ros2_sensor_pkg/lib/python3.10/site-packages/ros2_sensor_pkg/__init__.py to __init__.cpython-310.pyc
running install_data
creating /home/radwa/Documents/Sensor_Fusion_Kalman_Estimator_ROS2/install/ros2_sensor_pkg/share/ament_index
creating /home/radwa/Documents/Sensor_Fusion_Kalman_Estimator_ROS2/install/ros2_sensor_pkg/share/ament_index/resource_index
creating /home/radwa/Documents/Sensor_Fusion_Kalman_Estimator_ROS2/install/ros2_sensor_pkg/share/ament_index/resource_index/packages
copying resource/ros2_sensor_pkg -> /home/radwa/Documents/Sensor_Fusion_Kalman_Estimator_ROS2/install/ros2_sensor_pkg/share/ament_index/resource_index/packages
copying package.xml -> /home/radwa/Documents/Sensor_Fusion_Kalman_Estimator_ROS2/install/ros2_sensor_pkg/share/ros2_sensor_pkg
running install_egg_info
Copying ../../build/ros2_sensor_pkg/ros2_sensor_pkg.egg-info to /home/radwa/Documents/Sensor_Fusion_Kalman_Estimator_ROS2/install/ros2_sensor_pkg/lib/python3.10/site-packages/ros2_sensor_pkg-0.0.0-py3.10.egg-info
running install_scripts
writing list of installed files to '/home/radwa/Documents/Sensor_Fusion_Kalman_Estimator_ROS2/build/ros2_sensor_pkg/install.log'
