[0.539s] Invoking command in '/home/radwa/Documents/Sensor_Fusion_Kalman_Estimator_ROS2/src/ros2_sensor_pkg': PYTHONPATH=/home/radwa/Documents/Sensor_Fusion_Kalman_Estimator_ROS2/build/ros2_sensor_pkg/prefix_override:/usr/lib/python3/dist-packages/colcon_core/task/python/colcon_distutils_commands:/home/radwa/Documents/Sensor_Fusion_Kalman_Estimator_ROS2/install/ros2_sensor_pkg/lib/python3.10/site-packages:${PYTHONPATH} /usr/bin/python3 -W ignore:setup.py install is deprecated -W ignore:easy_install command is deprecated setup.py egg_info --egg-base ../../build/ros2_sensor_pkg build --build-base /home/radwa/Documents/Sensor_Fusion_Kalman_Estimator_ROS2/build/ros2_sensor_pkg/build install --record /home/radwa/Documents/Sensor_Fusion_Kalman_Estimator_ROS2/build/ros2_sensor_pkg/install.log --single-version-externally-managed install_data
[0.740s] running egg_info
[0.740s] creating ../../build/ros2_sensor_pkg/ros2_sensor_pkg.egg-info
[0.740s] writing ../../build/ros2_sensor_pkg/ros2_sensor_pkg.egg-info/PKG-INFO
[0.740s] writing dependency_links to ../../build/ros2_sensor_pkg/ros2_sensor_pkg.egg-info/dependency_links.txt
[0.741s] writing entry points to ../../build/ros2_sensor_pkg/ros2_sensor_pkg.egg-info/entry_points.txt
[0.741s] writing requirements to ../../build/ros2_sensor_pkg/ros2_sensor_pkg.egg-info/requires.txt
[0.741s] writing top-level names to ../../build/ros2_sensor_pkg/ros2_sensor_pkg.egg-info/top_level.txt
[0.741s] writing manifest file '../../build/ros2_sensor_pkg/ros2_sensor_pkg.egg-info/SOURCES.txt'
[0.742s] reading manifest file '../../build/ros2_sensor_pkg/ros2_sensor_pkg.egg-info/SOURCES.txt'
[0.743s] writing manifest file '../../build/ros2_sensor_pkg/ros2_sensor_pkg.egg-info/SOURCES.txt'
[0.743s] running build
[0.743s] running build_py
[0.743s] creating /home/radwa/Documents/Sensor_Fusion_Kalman_Estimator_ROS2/build/ros2_sensor_pkg/build
[0.743s] creating /home/radwa/Documents/Sensor_Fusion_Kalman_Estimator_ROS2/build/ros2_sensor_pkg/build/lib
[0.743s] creating /home/radwa/Documents/Sensor_Fusion_Kalman_Estimator_ROS2/build/ros2_sensor_pkg/build/lib/ros2_sensor_pkg
[0.743s] copying ros2_sensor_pkg/__init__.py -> /home/radwa/Documents/Sensor_Fusion_Kalman_Estimator_ROS2/build/ros2_sensor_pkg/build/lib/ros2_sensor_pkg
[0.743s] running install
[0.744s] running install_lib
[0.744s] creating /home/radwa/Documents/Sensor_Fusion_Kalman_Estimator_ROS2/install/ros2_sensor_pkg/lib/python3.10/site-packages/ros2_sensor_pkg
[0.744s] copying /home/radwa/Documents/Sensor_Fusion_Kalman_Estimator_ROS2/build/ros2_sensor_pkg/build/lib/ros2_sensor_pkg/__init__.py -> /home/radwa/Documents/Sensor_Fusion_Kalman_Estimator_ROS2/install/ros2_sensor_pkg/lib/python3.10/site-packages/ros2_sensor_pkg
[0.745s] byte-compiling /home/radwa/Documents/Sensor_Fusion_Kalman_Estimator_ROS2/install/ros2_sensor_pkg/lib/python3.10/site-packages/ros2_sensor_pkg/__init__.py to __init__.cpython-310.pyc
[0.745s] running install_data
[0.745s] creating /home/radwa/Documents/Sensor_Fusion_Kalman_Estimator_ROS2/install/ros2_sensor_pkg/share/ament_index
[0.745s] creating /home/radwa/Documents/Sensor_Fusion_Kalman_Estimator_ROS2/install/ros2_sensor_pkg/share/ament_index/resource_index
[0.745s] creating /home/radwa/Documents/Sensor_Fusion_Kalman_Estimator_ROS2/install/ros2_sensor_pkg/share/ament_index/resource_index/packages
[0.745s] copying resource/ros2_sensor_pkg -> /home/radwa/Documents/Sensor_Fusion_Kalman_Estimator_ROS2/install/ros2_sensor_pkg/share/ament_index/resource_index/packages
[0.745s] copying package.xml -> /home/radwa/Documents/Sensor_Fusion_Kalman_Estimator_ROS2/install/ros2_sensor_pkg/share/ros2_sensor_pkg
[0.745s] running install_egg_info
[0.747s] Copying ../../build/ros2_sensor_pkg/ros2_sensor_pkg.egg-info to /home/radwa/Documents/Sensor_Fusion_Kalman_Estimator_ROS2/install/ros2_sensor_pkg/lib/python3.10/site-packages/ros2_sensor_pkg-0.0.0-py3.10.egg-info
[0.747s] running install_scripts
[0.763s] writing list of installed files to '/home/radwa/Documents/Sensor_Fusion_Kalman_Estimator_ROS2/build/ros2_sensor_pkg/install.log'
[0.778s] Invoked command in '/home/radwa/Documents/Sensor_Fusion_Kalman_Estimator_ROS2/src/ros2_sensor_pkg' returned '0': PYTHONPATH=/home/radwa/Documents/Sensor_Fusion_Kalman_Estimator_ROS2/build/ros2_sensor_pkg/prefix_override:/usr/lib/python3/dist-packages/colcon_core/task/python/colcon_distutils_commands:/home/radwa/Documents/Sensor_Fusion_Kalman_Estimator_ROS2/install/ros2_sensor_pkg/lib/python3.10/site-packages:${PYTHONPATH} /usr/bin/python3 -W ignore:setup.py install is deprecated -W ignore:easy_install command is deprecated setup.py egg_info --egg-base ../../build/ros2_sensor_pkg build --build-base /home/radwa/Documents/Sensor_Fusion_Kalman_Estimator_ROS2/build/ros2_sensor_pkg/build install --record /home/radwa/Documents/Sensor_Fusion_Kalman_Estimator_ROS2/build/ros2_sensor_pkg/install.log --single-version-externally-managed install_data
